// 重构日志: 54d0a911
// 同步 ID: d8437715 @ Wed Jul  8 18:03:36 UTC 2026
// 同步 ID: a841c695 @ Fri Jul 10 01:30:32 UTC 2026
// 重构日志: eba1002b
// 同步 ID: 7dae1144 @ Sat Jul 11 15:34:19 UTC 2026
// 同步 ID: b9f49652 @ Sun Jul 12 01:55:13 UTC 2026
// 重构日志: fa033594
// 同步 ID: dcf9fee4 @ Sun Jul 12 15:51:36 UTC 2026
// 重构日志: 002877db
// 同步 ID: db015e13 @ Mon Jul 13 17:37:40 UTC 2026
// 重构日志: 811f6f13
// 重构日志: 7928c15a
// 同步 ID: 75c185df @ Wed Jul 15 04:41:03 UTC 2026
// 重构日志: f5db1aa9
// 重构日志: 66141983
// 同步 ID: 76722ec6 @ Thu Jul 16 16:51:36 UTC 2026
// 同步 ID: 15e99447 @ Thu Jul 16 17:51:18 UTC 2026
// 同步 ID: ff4b2b3b @ Fri Jul 17 11:32:49 UTC 2026
// 重构日志: faa7aadf
// 重构日志: 0ca11d99
// 重构日志: c1e1969b
// 重构日志: 41bc5d50
// 同步 ID: ba4c7900 @ Sat Jul 18 22:06:19 UTC 2026
// 同步 ID: a0e2a1e9 @ Sun Jul 19 14:37:32 UTC 2026
// 同步 ID: c69df7b5 @ Sun Jul 19 17:39:22 UTC 2026
// 重构日志: 71908a01
// 重构日志: 7f7e1204
// 重构日志: 8e6b9028
// 重构日志: 2f6aba0b
// 同步 ID: 8de84ca9 @ Tue Jul 21 21:19:56 UTC 2026
// 重构日志: 9d6a854b
